<?xml version="1.0" encoding="UTF-8"?>
<testng-results skipped="0" failed="0" ignored="0" total="1" passed="1">
  <reporter-output>
  </reporter-output>
  <suite name="Default suite" duration-ms="13150" started-at="2019-05-08T02:26:50Z" finished-at="2019-05-08T02:27:03Z">
    <groups>
    </groups>
    <test name="Default test" duration-ms="13150" started-at="2019-05-08T02:26:50Z" finished-at="2019-05-08T02:27:03Z">
      <class name="com.qa.testcases.SecurityBasicsPageTest">
        <test-method status="PASS" signature="setUp()[pri:0, instance:com.qa.testcases.SecurityBasicsPageTest@754ba872]" name="setUp" is-config="true" duration-ms="8703" started-at="2019-05-07T22:26:50Z" finished-at="2019-05-07T22:26:59Z">
          <reporter-output>
          </reporter-output>
        </test-method> <!-- setUp -->
        <test-method status="PASS" signature="verifySearchResults()[pri:1, instance:com.qa.testcases.SecurityBasicsPageTest@754ba872]" name="verifySearchResults" duration-ms="4388" started-at="2019-05-07T22:26:59Z" finished-at="2019-05-07T22:27:03Z">
          <reporter-output>
          </reporter-output>
        </test-method> <!-- verifySearchResults -->
        <test-method status="PASS" signature="tearDown()[pri:0, instance:com.qa.testcases.SecurityBasicsPageTest@754ba872]" name="tearDown" is-config="true" duration-ms="0" started-at="2019-05-07T22:27:03Z" finished-at="2019-05-07T22:27:03Z">
          <reporter-output>
          </reporter-output>
        </test-method> <!-- tearDown -->
      </class> <!-- com.qa.testcases.SecurityBasicsPageTest -->
    </test> <!-- Default test -->
  </suite> <!-- Default suite -->
</testng-results>
